Analysis & Synthesis report for SIFO_Lab_2
Sun Sep 18 21:15:30 2022
Quartus Prime Version 21.1.0 Build 842 10/21/2021 SJ Lite Edition


---------------------
; Table of Contents ;
---------------------
  1. Legal Notice
  2. Analysis & Synthesis Summary
  3. Analysis & Synthesis Settings
  4. Parallel Compilation
  5. Analysis & Synthesis Source Files Read
  6. Analysis & Synthesis Resource Usage Summary
  7. Analysis & Synthesis Resource Utilization by Entity
  8. Analysis & Synthesis IP Cores Summary
  9. General Register Statistics
 10. Parameter Settings for User Entity Instance: LPM_COMPARE8:MbiggerN|lpm_compare:LPM_COMPARE_component
 11. Parameter Settings for User Entity Instance: LPM_COMPARE8:MCHAGED|lpm_compare:LPM_COMPARE_component
 12. Parameter Settings for User Entity Instance: LPM_COMPARE8:NCHANGED|lpm_compare:LPM_COMPARE_component
 13. Parameter Settings for User Entity Instance: LPM_COMPARE8:NComp|lpm_compare:LPM_COMPARE_component
 14. Parameter Settings for User Entity Instance: LPM_COUNTER8:COUNTER|lpm_counter:LPM_COUNTER_component
 15. Parameter Settings for User Entity Instance: LPM_COMPARE8:MComp|lpm_compare:LPM_COMPARE_component
 16. Analysis & Synthesis Messages



----------------
; Legal Notice ;
----------------
Copyright (C) 2021  Intel Corporation. All rights reserved.
Your use of Intel Corporation's design tools, logic functions 
and other software and tools, and any partner logic 
functions, and any output files from any of the foregoing 
(including device programming or simulation files), and any 
associated documentation or information are expressly subject 
to the terms and conditions of the Intel Program License 
Subscription Agreement, the Intel Quartus Prime License Agreement,
the Intel FPGA IP License Agreement, or other applicable license
agreement, including, without limitation, that your use is for
the sole purpose of programming logic devices manufactured by
Intel and sold by Intel or its authorized distributors.  Please
refer to the applicable agreement for further details, at
https://fpgasoftware.intel.com/eula.



+---------------------------------------------------------------------------+
; Analysis & Synthesis Summary                                              ;
+-----------------------------+---------------------------------------------+
; Analysis & Synthesis Status ; Successful - Sun Sep 18 21:15:30 2022       ;
; Quartus Prime Version       ; 21.1.0 Build 842 10/21/2021 SJ Lite Edition ;
; Revision Name               ; SIFO_Lab_2                                  ;
; Top-level Entity Name       ; Block_dop                                   ;
; Family                      ; MAX II                                      ;
; Total logic elements        ; 58                                          ;
; Total pins                  ; 28                                          ;
; Total virtual pins          ; 0                                           ;
; UFM blocks                  ; 0 / 1 ( 0 % )                               ;
+-----------------------------+---------------------------------------------+


+------------------------------------------------------------------------------------------------------------+
; Analysis & Synthesis Settings                                                                              ;
+------------------------------------------------------------------+--------------------+--------------------+
; Option                                                           ; Setting            ; Default Value      ;
+------------------------------------------------------------------+--------------------+--------------------+
; Device                                                           ; EPM2210F324I5      ;                    ;
; Top-level entity name                                            ; Block_dop          ; SIFO_Lab_2         ;
; Family name                                                      ; MAX II             ; Cyclone V          ;
; Use smart compilation                                            ; Off                ; Off                ;
; Enable parallel Assembler and Timing Analyzer during compilation ; On                 ; On                 ;
; Enable compact report table                                      ; Off                ; Off                ;
; Restructure Multiplexers                                         ; Auto               ; Auto               ;
; Create Debugging Nodes for IP Cores                              ; Off                ; Off                ;
; Preserve fewer node names                                        ; On                 ; On                 ;
; Intel FPGA IP Evaluation Mode                                    ; Enable             ; Enable             ;
; Verilog Version                                                  ; Verilog_2001       ; Verilog_2001       ;
; VHDL Version                                                     ; VHDL_1993          ; VHDL_1993          ;
; State Machine Processing                                         ; Auto               ; Auto               ;
; Safe State Machine                                               ; Off                ; Off                ;
; Extract Verilog State Machines                                   ; On                 ; On                 ;
; Extract VHDL State Machines                                      ; On                 ; On                 ;
; Ignore Verilog initial constructs                                ; Off                ; Off                ;
; Iteration limit for constant Verilog loops                       ; 5000               ; 5000               ;
; Iteration limit for non-constant Verilog loops                   ; 250                ; 250                ;
; Add Pass-Through Logic to Inferred RAMs                          ; On                 ; On                 ;
; Infer RAMs from Raw Logic                                        ; On                 ; On                 ;
; Parallel Synthesis                                               ; On                 ; On                 ;
; NOT Gate Push-Back                                               ; On                 ; On                 ;
; Power-Up Don't Care                                              ; On                 ; On                 ;
; Remove Redundant Logic Cells                                     ; Off                ; Off                ;
; Remove Duplicate Registers                                       ; On                 ; On                 ;
; Ignore CARRY Buffers                                             ; Off                ; Off                ;
; Ignore CASCADE Buffers                                           ; Off                ; Off                ;
; Ignore GLOBAL Buffers                                            ; Off                ; Off                ;
; Ignore ROW GLOBAL Buffers                                        ; Off                ; Off                ;
; Ignore LCELL Buffers                                             ; Off                ; Off                ;
; Ignore SOFT Buffers                                              ; On                 ; On                 ;
; Limit AHDL Integers to 32 Bits                                   ; Off                ; Off                ;
; Optimization Technique                                           ; Balanced           ; Balanced           ;
; Carry Chain Length                                               ; 70                 ; 70                 ;
; Auto Carry Chains                                                ; On                 ; On                 ;
; Auto Open-Drain Pins                                             ; On                 ; On                 ;
; Perform WYSIWYG Primitive Resynthesis                            ; Off                ; Off                ;
; Auto Shift Register Replacement                                  ; Auto               ; Auto               ;
; Allow Shift Register Merging across Hierarchies                  ; Auto               ; Auto               ;
; Auto Clock Enable Replacement                                    ; On                 ; On                 ;
; Allow Synchronous Control Signals                                ; On                 ; On                 ;
; Force Use of Synchronous Clear Signals                           ; Off                ; Off                ;
; Auto Resource Sharing                                            ; Off                ; Off                ;
; Use LogicLock Constraints during Resource Balancing              ; On                 ; On                 ;
; Ignore translate_off and synthesis_off directives                ; Off                ; Off                ;
; Report Parameter Settings                                        ; On                 ; On                 ;
; Report Source Assignments                                        ; On                 ; On                 ;
; Report Connectivity Checks                                       ; On                 ; On                 ;
; Ignore Maximum Fan-Out Assignments                               ; Off                ; Off                ;
; Synchronization Register Chain Length                            ; 2                  ; 2                  ;
; Power Optimization During Synthesis                              ; Normal compilation ; Normal compilation ;
; HDL message level                                                ; Level2             ; Level2             ;
; Suppress Register Optimization Related Messages                  ; Off                ; Off                ;
; Number of Removed Registers Reported in Synthesis Report         ; 5000               ; 5000               ;
; Number of Swept Nodes Reported in Synthesis Report               ; 5000               ; 5000               ;
; Number of Inverted Registers Reported in Synthesis Report        ; 100                ; 100                ;
; Clock MUX Protection                                             ; On                 ; On                 ;
; Block Design Naming                                              ; Auto               ; Auto               ;
; Synthesis Effort                                                 ; Auto               ; Auto               ;
; Shift Register Replacement - Allow Asynchronous Clear Signal     ; On                 ; On                 ;
; Analysis & Synthesis Message Level                               ; Medium             ; Medium             ;
; Disable Register Merging Across Hierarchies                      ; Auto               ; Auto               ;
+------------------------------------------------------------------+--------------------+--------------------+


+------------------------------------------+
; Parallel Compilation                     ;
+----------------------------+-------------+
; Processors                 ; Number      ;
+----------------------------+-------------+
; Number detected on machine ; 12          ;
; Maximum allowed            ; 12          ;
;                            ;             ;
; Average used               ; 1.00        ;
; Maximum used               ; 1           ;
;                            ;             ;
; Usage by Processor         ; % Time Used ;
;     Processor 1            ; 100.0%      ;
+----------------------------+-------------+


+----------------------------------------------------------------------------------------------------------------------------------------------------------------------------------+
; Analysis & Synthesis Source Files Read                                                                                                                                           ;
+----------------------------------+-----------------+------------------------------------+------------------------------------------------------------------------------+---------+
; File Name with User-Entered Path ; Used in Netlist ; File Type                          ; File Name with Absolute Path                                                 ; Library ;
+----------------------------------+-----------------+------------------------------------+------------------------------------------------------------------------------+---------+
; Block_dop.bdf                    ; yes             ; User Block Diagram/Schematic File  ; D:/FPGA/Projects/SIFO_Lab_2.1/Block_dop.bdf                                  ;         ;
; LPM_COUNTER8.v                   ; yes             ; User Wizard-Generated File         ; D:/FPGA/Projects/SIFO_Lab_2.1/LPM_COUNTER8.v                                 ;         ;
; LPM_COMPARE8.v                   ; yes             ; User Wizard-Generated File         ; D:/FPGA/Projects/SIFO_Lab_2.1/LPM_COMPARE8.v                                 ;         ;
; Register_8_verilog.v             ; yes             ; User Verilog HDL File              ; D:/FPGA/Projects/SIFO_Lab_2.1/Register_8_verilog.v                           ;         ;
; lpm_compare.tdf                  ; yes             ; Megafunction                       ; d:/fpga/quartus/21.1/quartus/libraries/megafunctions/lpm_compare.tdf         ;         ;
; comptree.inc                     ; yes             ; Megafunction                       ; d:/fpga/quartus/21.1/quartus/libraries/megafunctions/comptree.inc            ;         ;
; altshift.inc                     ; yes             ; Megafunction                       ; d:/fpga/quartus/21.1/quartus/libraries/megafunctions/altshift.inc            ;         ;
; aglobal211.inc                   ; yes             ; Megafunction                       ; d:/fpga/quartus/21.1/quartus/libraries/megafunctions/aglobal211.inc          ;         ;
; db/cmpr_geg.tdf                  ; yes             ; Auto-Generated Megafunction        ; D:/FPGA/Projects/SIFO_Lab_2.1/db/cmpr_geg.tdf                                ;         ;
; lpm_counter.tdf                  ; yes             ; Megafunction                       ; d:/fpga/quartus/21.1/quartus/libraries/megafunctions/lpm_counter.tdf         ;         ;
; lpm_constant.inc                 ; yes             ; Megafunction                       ; d:/fpga/quartus/21.1/quartus/libraries/megafunctions/lpm_constant.inc        ;         ;
; lpm_decode.inc                   ; yes             ; Megafunction                       ; d:/fpga/quartus/21.1/quartus/libraries/megafunctions/lpm_decode.inc          ;         ;
; lpm_add_sub.inc                  ; yes             ; Megafunction                       ; d:/fpga/quartus/21.1/quartus/libraries/megafunctions/lpm_add_sub.inc         ;         ;
; cmpconst.inc                     ; yes             ; Megafunction                       ; d:/fpga/quartus/21.1/quartus/libraries/megafunctions/cmpconst.inc            ;         ;
; lpm_compare.inc                  ; yes             ; Megafunction                       ; d:/fpga/quartus/21.1/quartus/libraries/megafunctions/lpm_compare.inc         ;         ;
; lpm_counter.inc                  ; yes             ; Megafunction                       ; d:/fpga/quartus/21.1/quartus/libraries/megafunctions/lpm_counter.inc         ;         ;
; dffeea.inc                       ; yes             ; Megafunction                       ; d:/fpga/quartus/21.1/quartus/libraries/megafunctions/dffeea.inc              ;         ;
; alt_counter_stratix.inc          ; yes             ; Megafunction                       ; d:/fpga/quartus/21.1/quartus/libraries/megafunctions/alt_counter_stratix.inc ;         ;
; db/cntr_b4i.tdf                  ; yes             ; Auto-Generated Megafunction        ; D:/FPGA/Projects/SIFO_Lab_2.1/db/cntr_b4i.tdf                                ;         ;
+----------------------------------+-----------------+------------------------------------+------------------------------------------------------------------------------+---------+


+--------------------------------------------------------+
; Analysis & Synthesis Resource Usage Summary            ;
+---------------------------------------------+----------+
; Resource                                    ; Usage    ;
+---------------------------------------------+----------+
; Total logic elements                        ; 58       ;
;     -- Combinational with no register       ; 33       ;
;     -- Register only                        ; 16       ;
;     -- Combinational with a register        ; 9        ;
;                                             ;          ;
; Logic element usage by number of LUT inputs ;          ;
;     -- 4 input functions                    ; 20       ;
;     -- 3 input functions                    ; 7        ;
;     -- 2 input functions                    ; 13       ;
;     -- 1 input functions                    ; 2        ;
;     -- 0 input functions                    ; 0        ;
;                                             ;          ;
; Logic elements by mode                      ;          ;
;     -- normal mode                          ; 44       ;
;     -- arithmetic mode                      ; 14       ;
;     -- qfbk mode                            ; 0        ;
;     -- register cascade mode                ; 0        ;
;     -- synchronous clear/load mode          ; 0        ;
;     -- asynchronous clear/load mode         ; 9        ;
;                                             ;          ;
; Total registers                             ; 25       ;
; Total logic cells in carry chains           ; 16       ;
; I/O pins                                    ; 28       ;
; Maximum fan-out node                        ; CLK_50hz ;
; Maximum fan-out                             ; 17       ;
; Total fan-out                               ; 190      ;
; Average fan-out                             ; 2.21     ;
+---------------------------------------------+----------+


+---------------------------------------------------------------------------------------------------------------------------------------------------------------------------------------------------------------------------------------------------------------------------------------------------------------------------+
; Analysis & Synthesis Resource Utilization by Entity                                                                                                                                                                                                                                                                       ;
+-------------------------------------------+-------------+--------------+------------+------+--------------+--------------+-------------------+------------------+-----------------+------------+--------------------------------------------------------------------------------------------+--------------+--------------+
; Compilation Hierarchy Node                ; Logic Cells ; LC Registers ; UFM Blocks ; Pins ; Virtual Pins ; LUT-Only LCs ; Register-Only LCs ; LUT/Register LCs ; Carry Chain LCs ; Packed LCs ; Full Hierarchy Name                                                                        ; Entity Name  ; Library Name ;
+-------------------------------------------+-------------+--------------+------------+------+--------------+--------------+-------------------+------------------+-----------------+------------+--------------------------------------------------------------------------------------------+--------------+--------------+
; |Block_dop                                ; 58 (15)     ; 25           ; 0          ; 28   ; 0            ; 33 (14)      ; 16 (0)            ; 9 (1)            ; 16 (0)          ; 0 (0)      ; |Block_dop                                                                                 ; Block_dop    ; work         ;
;    |LPM_COMPARE8:MComp|                   ; 5 (0)       ; 0            ; 0          ; 0    ; 0            ; 5 (0)        ; 0 (0)             ; 0 (0)            ; 0 (0)           ; 0 (0)      ; |Block_dop|LPM_COMPARE8:MComp                                                              ; LPM_COMPARE8 ; work         ;
;       |lpm_compare:LPM_COMPARE_component| ; 5 (0)       ; 0            ; 0          ; 0    ; 0            ; 5 (0)        ; 0 (0)             ; 0 (0)            ; 0 (0)           ; 0 (0)      ; |Block_dop|LPM_COMPARE8:MComp|lpm_compare:LPM_COMPARE_component                            ; lpm_compare  ; work         ;
;          |cmpr_geg:auto_generated|        ; 5 (5)       ; 0            ; 0          ; 0    ; 0            ; 5 (5)        ; 0 (0)             ; 0 (0)            ; 0 (0)           ; 0 (0)      ; |Block_dop|LPM_COMPARE8:MComp|lpm_compare:LPM_COMPARE_component|cmpr_geg:auto_generated    ; cmpr_geg     ; work         ;
;    |LPM_COMPARE8:MbiggerN|                ; 8 (0)       ; 0            ; 0          ; 0    ; 0            ; 8 (0)        ; 0 (0)             ; 0 (0)            ; 8 (0)           ; 0 (0)      ; |Block_dop|LPM_COMPARE8:MbiggerN                                                           ; LPM_COMPARE8 ; work         ;
;       |lpm_compare:LPM_COMPARE_component| ; 8 (0)       ; 0            ; 0          ; 0    ; 0            ; 8 (0)        ; 0 (0)             ; 0 (0)            ; 8 (0)           ; 0 (0)      ; |Block_dop|LPM_COMPARE8:MbiggerN|lpm_compare:LPM_COMPARE_component                         ; lpm_compare  ; work         ;
;          |cmpr_geg:auto_generated|        ; 8 (8)       ; 0            ; 0          ; 0    ; 0            ; 8 (8)        ; 0 (0)             ; 0 (0)            ; 8 (8)           ; 0 (0)      ; |Block_dop|LPM_COMPARE8:MbiggerN|lpm_compare:LPM_COMPARE_component|cmpr_geg:auto_generated ; cmpr_geg     ; work         ;
;    |LPM_COMPARE8:NCHANGED|                ; 1 (0)       ; 0            ; 0          ; 0    ; 0            ; 1 (0)        ; 0 (0)             ; 0 (0)            ; 0 (0)           ; 0 (0)      ; |Block_dop|LPM_COMPARE8:NCHANGED                                                           ; LPM_COMPARE8 ; work         ;
;       |lpm_compare:LPM_COMPARE_component| ; 1 (0)       ; 0            ; 0          ; 0    ; 0            ; 1 (0)        ; 0 (0)             ; 0 (0)            ; 0 (0)           ; 0 (0)      ; |Block_dop|LPM_COMPARE8:NCHANGED|lpm_compare:LPM_COMPARE_component                         ; lpm_compare  ; work         ;
;          |cmpr_geg:auto_generated|        ; 1 (1)       ; 0            ; 0          ; 0    ; 0            ; 1 (1)        ; 0 (0)             ; 0 (0)            ; 0 (0)           ; 0 (0)      ; |Block_dop|LPM_COMPARE8:NCHANGED|lpm_compare:LPM_COMPARE_component|cmpr_geg:auto_generated ; cmpr_geg     ; work         ;
;    |LPM_COMPARE8:NComp|                   ; 5 (0)       ; 0            ; 0          ; 0    ; 0            ; 5 (0)        ; 0 (0)             ; 0 (0)            ; 0 (0)           ; 0 (0)      ; |Block_dop|LPM_COMPARE8:NComp                                                              ; LPM_COMPARE8 ; work         ;
;       |lpm_compare:LPM_COMPARE_component| ; 5 (0)       ; 0            ; 0          ; 0    ; 0            ; 5 (0)        ; 0 (0)             ; 0 (0)            ; 0 (0)           ; 0 (0)      ; |Block_dop|LPM_COMPARE8:NComp|lpm_compare:LPM_COMPARE_component                            ; lpm_compare  ; work         ;
;          |cmpr_geg:auto_generated|        ; 5 (5)       ; 0            ; 0          ; 0    ; 0            ; 5 (5)        ; 0 (0)             ; 0 (0)            ; 0 (0)           ; 0 (0)      ; |Block_dop|LPM_COMPARE8:NComp|lpm_compare:LPM_COMPARE_component|cmpr_geg:auto_generated    ; cmpr_geg     ; work         ;
;    |LPM_COUNTER8:COUNTER|                 ; 8 (0)       ; 8            ; 0          ; 0    ; 0            ; 0 (0)        ; 0 (0)             ; 8 (0)            ; 8 (0)           ; 0 (0)      ; |Block_dop|LPM_COUNTER8:COUNTER                                                            ; LPM_COUNTER8 ; work         ;
;       |lpm_counter:LPM_COUNTER_component| ; 8 (0)       ; 8            ; 0          ; 0    ; 0            ; 0 (0)        ; 0 (0)             ; 8 (0)            ; 8 (0)           ; 0 (0)      ; |Block_dop|LPM_COUNTER8:COUNTER|lpm_counter:LPM_COUNTER_component                          ; lpm_counter  ; work         ;
;          |cntr_b4i:auto_generated|        ; 8 (8)       ; 8            ; 0          ; 0    ; 0            ; 0 (0)        ; 0 (0)             ; 8 (8)            ; 8 (8)           ; 0 (0)      ; |Block_dop|LPM_COUNTER8:COUNTER|lpm_counter:LPM_COUNTER_component|cntr_b4i:auto_generated  ; cntr_b4i     ; work         ;
;    |register8:MREG|                       ; 8 (8)       ; 8            ; 0          ; 0    ; 0            ; 0 (0)        ; 8 (8)             ; 0 (0)            ; 0 (0)           ; 0 (0)      ; |Block_dop|register8:MREG                                                                  ; register8    ; work         ;
;    |register8:NREG|                       ; 8 (8)       ; 8            ; 0          ; 0    ; 0            ; 0 (0)        ; 8 (8)             ; 0 (0)            ; 0 (0)           ; 0 (0)      ; |Block_dop|register8:NREG                                                                  ; register8    ; work         ;
+-------------------------------------------+-------------+--------------+------------+------+--------------+--------------+-------------------+------------------+-----------------+------------+--------------------------------------------------------------------------------------------+--------------+--------------+
Note: For table entries with two numbers listed, the numbers in parentheses indicate the number of resources of the given type used by the specific entity alone. The numbers listed outside of parentheses indicate the total resources of the given type used by the specific entity and all of its sub-entities in the hierarchy.


+--------------------------------------------------------------------------------------------------------------------+
; Analysis & Synthesis IP Cores Summary                                                                              ;
+--------+--------------+---------+--------------+--------------+----------------------------------+-----------------+
; Vendor ; IP Core Name ; Version ; Release Date ; License Type ; Entity Instance                  ; IP Include File ;
+--------+--------------+---------+--------------+--------------+----------------------------------+-----------------+
; Altera ; LPM_COUNTER  ; 21.1    ; N/A          ; N/A          ; |Block_dop|LPM_COUNTER8:COUNTER  ; LPM_COUNTER8.v  ;
; Altera ; LPM_COMPARE  ; 21.1    ; N/A          ; N/A          ; |Block_dop|LPM_COMPARE8:MbiggerN ; LPM_COMPARE8.v  ;
; Altera ; LPM_COMPARE  ; 21.1    ; N/A          ; N/A          ; |Block_dop|LPM_COMPARE8:MCHAGED  ; LPM_COMPARE8.v  ;
; Altera ; LPM_COMPARE  ; 21.1    ; N/A          ; N/A          ; |Block_dop|LPM_COMPARE8:MComp    ; LPM_COMPARE8.v  ;
; Altera ; LPM_COMPARE  ; 21.1    ; N/A          ; N/A          ; |Block_dop|LPM_COMPARE8:NCHANGED ; LPM_COMPARE8.v  ;
; Altera ; LPM_COMPARE  ; 21.1    ; N/A          ; N/A          ; |Block_dop|LPM_COMPARE8:NComp    ; LPM_COMPARE8.v  ;
+--------+--------------+---------+--------------+--------------+----------------------------------+-----------------+


+------------------------------------------------------+
; General Register Statistics                          ;
+----------------------------------------------+-------+
; Statistic                                    ; Value ;
+----------------------------------------------+-------+
; Total registers                              ; 25    ;
; Number of registers using Synchronous Clear  ; 0     ;
; Number of registers using Synchronous Load   ; 0     ;
; Number of registers using Asynchronous Clear ; 9     ;
; Number of registers using Asynchronous Load  ; 0     ;
; Number of registers using Clock Enable       ; 0     ;
; Number of registers using Preset             ; 0     ;
+----------------------------------------------+-------+


+------------------------------------------------------------------------------------------------------+
; Parameter Settings for User Entity Instance: LPM_COMPARE8:MbiggerN|lpm_compare:LPM_COMPARE_component ;
+------------------------+----------+------------------------------------------------------------------+
; Parameter Name         ; Value    ; Type                                                             ;
+------------------------+----------+------------------------------------------------------------------+
; lpm_width              ; 8        ; Signed Integer                                                   ;
; LPM_REPRESENTATION     ; UNSIGNED ; Untyped                                                          ;
; LPM_PIPELINE           ; 0        ; Untyped                                                          ;
; CHAIN_SIZE             ; 8        ; Untyped                                                          ;
; ONE_INPUT_IS_CONSTANT  ; NO       ; Untyped                                                          ;
; CARRY_CHAIN            ; MANUAL   ; Untyped                                                          ;
; CASCADE_CHAIN          ; MANUAL   ; Untyped                                                          ;
; CARRY_CHAIN_LENGTH     ; 48       ; CARRY_CHAIN_LENGTH                                               ;
; CASCADE_CHAIN_LENGTH   ; 2        ; CASCADE_CHAIN_LENGTH                                             ;
; DEVICE_FAMILY          ; MAX II   ; Untyped                                                          ;
; CBXI_PARAMETER         ; cmpr_geg ; Untyped                                                          ;
; AUTO_CARRY_CHAINS      ; ON       ; AUTO_CARRY                                                       ;
; IGNORE_CARRY_BUFFERS   ; OFF      ; IGNORE_CARRY                                                     ;
; AUTO_CASCADE_CHAINS    ; ON       ; AUTO_CASCADE                                                     ;
; IGNORE_CASCADE_BUFFERS ; OFF      ; IGNORE_CASCADE                                                   ;
+------------------------+----------+------------------------------------------------------------------+
Note: In order to hide this table in the UI and the text report file, please set the "Show Parameter Settings in Synthesis Report" option in "Analysis and Synthesis Settings -> More Settings" to "Off".


+-----------------------------------------------------------------------------------------------------+
; Parameter Settings for User Entity Instance: LPM_COMPARE8:MCHAGED|lpm_compare:LPM_COMPARE_component ;
+------------------------+----------+-----------------------------------------------------------------+
; Parameter Name         ; Value    ; Type                                                            ;
+------------------------+----------+-----------------------------------------------------------------+
; lpm_width              ; 8        ; Signed Integer                                                  ;
; LPM_REPRESENTATION     ; UNSIGNED ; Untyped                                                         ;
; LPM_PIPELINE           ; 0        ; Untyped                                                         ;
; CHAIN_SIZE             ; 8        ; Untyped                                                         ;
; ONE_INPUT_IS_CONSTANT  ; NO       ; Untyped                                                         ;
; CARRY_CHAIN            ; MANUAL   ; Untyped                                                         ;
; CASCADE_CHAIN          ; MANUAL   ; Untyped                                                         ;
; CARRY_CHAIN_LENGTH     ; 48       ; CARRY_CHAIN_LENGTH                                              ;
; CASCADE_CHAIN_LENGTH   ; 2        ; CASCADE_CHAIN_LENGTH                                            ;
; DEVICE_FAMILY          ; MAX II   ; Untyped                                                         ;
; CBXI_PARAMETER         ; cmpr_geg ; Untyped                                                         ;
; AUTO_CARRY_CHAINS      ; ON       ; AUTO_CARRY                                                      ;
; IGNORE_CARRY_BUFFERS   ; OFF      ; IGNORE_CARRY                                                    ;
; AUTO_CASCADE_CHAINS    ; ON       ; AUTO_CASCADE                                                    ;
; IGNORE_CASCADE_BUFFERS ; OFF      ; IGNORE_CASCADE                                                  ;
+------------------------+----------+-----------------------------------------------------------------+
Note: In order to hide this table in the UI and the text report file, please set the "Show Parameter Settings in Synthesis Report" option in "Analysis and Synthesis Settings -> More Settings" to "Off".


+------------------------------------------------------------------------------------------------------+
; Parameter Settings for User Entity Instance: LPM_COMPARE8:NCHANGED|lpm_compare:LPM_COMPARE_component ;
+------------------------+----------+------------------------------------------------------------------+
; Parameter Name         ; Value    ; Type                                                             ;
+------------------------+----------+------------------------------------------------------------------+
; lpm_width              ; 8        ; Signed Integer                                                   ;
; LPM_REPRESENTATION     ; UNSIGNED ; Untyped                                                          ;
; LPM_PIPELINE           ; 0        ; Untyped                                                          ;
; CHAIN_SIZE             ; 8        ; Untyped                                                          ;
; ONE_INPUT_IS_CONSTANT  ; NO       ; Untyped                                                          ;
; CARRY_CHAIN            ; MANUAL   ; Untyped                                                          ;
; CASCADE_CHAIN          ; MANUAL   ; Untyped                                                          ;
; CARRY_CHAIN_LENGTH     ; 48       ; CARRY_CHAIN_LENGTH                                               ;
; CASCADE_CHAIN_LENGTH   ; 2        ; CASCADE_CHAIN_LENGTH                                             ;
; DEVICE_FAMILY          ; MAX II   ; Untyped                                                          ;
; CBXI_PARAMETER         ; cmpr_geg ; Untyped                                                          ;
; AUTO_CARRY_CHAINS      ; ON       ; AUTO_CARRY                                                       ;
; IGNORE_CARRY_BUFFERS   ; OFF      ; IGNORE_CARRY                                                     ;
; AUTO_CASCADE_CHAINS    ; ON       ; AUTO_CASCADE                                                     ;
; IGNORE_CASCADE_BUFFERS ; OFF      ; IGNORE_CASCADE                                                   ;
+------------------------+----------+------------------------------------------------------------------+
Note: In order to hide this table in the UI and the text report file, please set the "Show Parameter Settings in Synthesis Report" option in "Analysis and Synthesis Settings -> More Settings" to "Off".


+---------------------------------------------------------------------------------------------------+
; Parameter Settings for User Entity Instance: LPM_COMPARE8:NComp|lpm_compare:LPM_COMPARE_component ;
+------------------------+----------+---------------------------------------------------------------+
; Parameter Name         ; Value    ; Type                                                          ;
+------------------------+----------+---------------------------------------------------------------+
; lpm_width              ; 8        ; Signed Integer                                                ;
; LPM_REPRESENTATION     ; UNSIGNED ; Untyped                                                       ;
; LPM_PIPELINE           ; 0        ; Untyped                                                       ;
; CHAIN_SIZE             ; 8        ; Untyped                                                       ;
; ONE_INPUT_IS_CONSTANT  ; NO       ; Untyped                                                       ;
; CARRY_CHAIN            ; MANUAL   ; Untyped                                                       ;
; CASCADE_CHAIN          ; MANUAL   ; Untyped                                                       ;
; CARRY_CHAIN_LENGTH     ; 48       ; CARRY_CHAIN_LENGTH                                            ;
; CASCADE_CHAIN_LENGTH   ; 2        ; CASCADE_CHAIN_LENGTH                                          ;
; DEVICE_FAMILY          ; MAX II   ; Untyped                                                       ;
; CBXI_PARAMETER         ; cmpr_geg ; Untyped                                                       ;
; AUTO_CARRY_CHAINS      ; ON       ; AUTO_CARRY                                                    ;
; IGNORE_CARRY_BUFFERS   ; OFF      ; IGNORE_CARRY                                                  ;
; AUTO_CASCADE_CHAINS    ; ON       ; AUTO_CASCADE                                                  ;
; IGNORE_CASCADE_BUFFERS ; OFF      ; IGNORE_CASCADE                                                ;
+------------------------+----------+---------------------------------------------------------------+
Note: In order to hide this table in the UI and the text report file, please set the "Show Parameter Settings in Synthesis Report" option in "Analysis and Synthesis Settings -> More Settings" to "Off".


+-----------------------------------------------------------------------------------------------------+
; Parameter Settings for User Entity Instance: LPM_COUNTER8:COUNTER|lpm_counter:LPM_COUNTER_component ;
+------------------------+-------------+--------------------------------------------------------------+
; Parameter Name         ; Value       ; Type                                                         ;
+------------------------+-------------+--------------------------------------------------------------+
; AUTO_CARRY_CHAINS      ; ON          ; AUTO_CARRY                                                   ;
; IGNORE_CARRY_BUFFERS   ; OFF         ; IGNORE_CARRY                                                 ;
; AUTO_CASCADE_CHAINS    ; ON          ; AUTO_CASCADE                                                 ;
; IGNORE_CASCADE_BUFFERS ; OFF         ; IGNORE_CASCADE                                               ;
; LPM_WIDTH              ; 8           ; Signed Integer                                               ;
; LPM_DIRECTION          ; UP          ; Untyped                                                      ;
; LPM_MODULUS            ; 0           ; Untyped                                                      ;
; LPM_AVALUE             ; UNUSED      ; Untyped                                                      ;
; LPM_SVALUE             ; UNUSED      ; Untyped                                                      ;
; LPM_PORT_UPDOWN        ; PORT_UNUSED ; Untyped                                                      ;
; DEVICE_FAMILY          ; MAX II      ; Untyped                                                      ;
; CARRY_CHAIN            ; MANUAL      ; Untyped                                                      ;
; CARRY_CHAIN_LENGTH     ; 48          ; CARRY_CHAIN_LENGTH                                           ;
; NOT_GATE_PUSH_BACK     ; ON          ; NOT_GATE_PUSH_BACK                                           ;
; CARRY_CNT_EN           ; SMART       ; Untyped                                                      ;
; LABWIDE_SCLR           ; ON          ; Untyped                                                      ;
; USE_NEW_VERSION        ; TRUE        ; Untyped                                                      ;
; CBXI_PARAMETER         ; cntr_b4i    ; Untyped                                                      ;
+------------------------+-------------+--------------------------------------------------------------+
Note: In order to hide this table in the UI and the text report file, please set the "Show Parameter Settings in Synthesis Report" option in "Analysis and Synthesis Settings -> More Settings" to "Off".


+---------------------------------------------------------------------------------------------------+
; Parameter Settings for User Entity Instance: LPM_COMPARE8:MComp|lpm_compare:LPM_COMPARE_component ;
+------------------------+----------+---------------------------------------------------------------+
; Parameter Name         ; Value    ; Type                                                          ;
+------------------------+----------+---------------------------------------------------------------+
; lpm_width              ; 8        ; Signed Integer                                                ;
; LPM_REPRESENTATION     ; UNSIGNED ; Untyped                                                       ;
; LPM_PIPELINE           ; 0        ; Untyped                                                       ;
; CHAIN_SIZE             ; 8        ; Untyped                                                       ;
; ONE_INPUT_IS_CONSTANT  ; NO       ; Untyped                                                       ;
; CARRY_CHAIN            ; MANUAL   ; Untyped                                                       ;
; CASCADE_CHAIN          ; MANUAL   ; Untyped                                                       ;
; CARRY_CHAIN_LENGTH     ; 48       ; CARRY_CHAIN_LENGTH                                            ;
; CASCADE_CHAIN_LENGTH   ; 2        ; CASCADE_CHAIN_LENGTH                                          ;
; DEVICE_FAMILY          ; MAX II   ; Untyped                                                       ;
; CBXI_PARAMETER         ; cmpr_geg ; Untyped                                                       ;
; AUTO_CARRY_CHAINS      ; ON       ; AUTO_CARRY                                                    ;
; IGNORE_CARRY_BUFFERS   ; OFF      ; IGNORE_CARRY                                                  ;
; AUTO_CASCADE_CHAINS    ; ON       ; AUTO_CASCADE                                                  ;
; IGNORE_CASCADE_BUFFERS ; OFF      ; IGNORE_CASCADE                                                ;
+------------------------+----------+---------------------------------------------------------------+
Note: In order to hide this table in the UI and the text report file, please set the "Show Parameter Settings in Synthesis Report" option in "Analysis and Synthesis Settings -> More Settings" to "Off".


+-------------------------------+
; Analysis & Synthesis Messages ;
+-------------------------------+
Info: *******************************************************************
Info: Running Quartus Prime Analysis & Synthesis
    Info: Version 21.1.0 Build 842 10/21/2021 SJ Lite Edition
    Info: Processing started: Sun Sep 18 21:15:23 2022
Info: Command: quartus_map --read_settings_files=on --write_settings_files=off SIFO_Lab_2 -c SIFO_Lab_2
Warning (18236): Number of processors has not been specified which may cause overloading on shared machines.  Set the global assignment NUM_PARALLEL_PROCESSORS in your QSF to an appropriate value for best performance.
Info (20030): Parallel compilation is enabled and will use 12 of the 12 processors detected
Info (12021): Found 1 design units, including 1 entities, in source file sifo_lab_2.bdf
    Info (12023): Found entity 1: SIFO_Lab_2
Info (12021): Found 1 design units, including 1 entities, in source file block_1_mn.bdf
    Info (12023): Found entity 1: Block_1_mn
Info (12021): Found 1 design units, including 1 entities, in source file block_2_d.bdf
    Info (12023): Found entity 1: Block_2_D
Info (12021): Found 1 design units, including 1 entities, in source file lpm_counter1.v
    Info (12023): Found entity 1: LPM_COUNTER1 File: D:/FPGA/Projects/SIFO_Lab_2.1/LPM_COUNTER1.v Line: 40
Info (12021): Found 1 design units, including 1 entities, in source file lpm_compare1.v
    Info (12023): Found entity 1: LPM_COMPARE1 File: D:/FPGA/Projects/SIFO_Lab_2.1/LPM_COMPARE1.v Line: 40
Info (12021): Found 1 design units, including 1 entities, in source file lpm_compare4.v
    Info (12023): Found entity 1: LPM_COMPARE4 File: D:/FPGA/Projects/SIFO_Lab_2.1/LPM_COMPARE4.v Line: 40
Info (12021): Found 1 design units, including 1 entities, in source file lpm_decoder_4in16.v
    Info (12023): Found entity 1: LPM_DECODER_4in16 File: D:/FPGA/Projects/SIFO_Lab_2.1/LPM_DECODER_4in16.v Line: 40
Info (12021): Found 1 design units, including 1 entities, in source file block_3_16sig.bdf
    Info (12023): Found entity 1: Block_3_16sig
Info (12021): Found 1 design units, including 1 entities, in source file block_dop.bdf
    Info (12023): Found entity 1: Block_dop
Info (12021): Found 1 design units, including 1 entities, in source file lpm_counter8.v
    Info (12023): Found entity 1: LPM_COUNTER8 File: D:/FPGA/Projects/SIFO_Lab_2.1/LPM_COUNTER8.v Line: 40
Info (12021): Found 1 design units, including 1 entities, in source file lpm_compare8.v
    Info (12023): Found entity 1: LPM_COMPARE8 File: D:/FPGA/Projects/SIFO_Lab_2.1/LPM_COMPARE8.v Line: 40
Info (12021): Found 1 design units, including 1 entities, in source file register_8_verilog.v
    Info (12023): Found entity 1: register8 File: D:/FPGA/Projects/SIFO_Lab_2.1/Register_8_verilog.v Line: 1
Info (12127): Elaborating entity "Block_dop" for the top level hierarchy
Info (12128): Elaborating entity "LPM_COMPARE8" for hierarchy "LPM_COMPARE8:MbiggerN"
Info (12128): Elaborating entity "lpm_compare" for hierarchy "LPM_COMPARE8:MbiggerN|lpm_compare:LPM_COMPARE_component" File: D:/FPGA/Projects/SIFO_Lab_2.1/LPM_COMPARE8.v Line: 67
Info (12130): Elaborated megafunction instantiation "LPM_COMPARE8:MbiggerN|lpm_compare:LPM_COMPARE_component" File: D:/FPGA/Projects/SIFO_Lab_2.1/LPM_COMPARE8.v Line: 67
Info (12133): Instantiated megafunction "LPM_COMPARE8:MbiggerN|lpm_compare:LPM_COMPARE_component" with the following parameter: File: D:/FPGA/Projects/SIFO_Lab_2.1/LPM_COMPARE8.v Line: 67
    Info (12134): Parameter "lpm_representation" = "UNSIGNED"
    Info (12134): Parameter "lpm_type" = "LPM_COMPARE"
    Info (12134): Parameter "lpm_width" = "8"
Info (12021): Found 1 design units, including 1 entities, in source file db/cmpr_geg.tdf
    Info (12023): Found entity 1: cmpr_geg File: D:/FPGA/Projects/SIFO_Lab_2.1/db/cmpr_geg.tdf Line: 23
Info (12128): Elaborating entity "cmpr_geg" for hierarchy "LPM_COMPARE8:MbiggerN|lpm_compare:LPM_COMPARE_component|cmpr_geg:auto_generated" File: d:/fpga/quartus/21.1/quartus/libraries/megafunctions/lpm_compare.tdf Line: 281
Info (12128): Elaborating entity "register8" for hierarchy "register8:MREG"
Info (12128): Elaborating entity "LPM_COUNTER8" for hierarchy "LPM_COUNTER8:COUNTER"
Info (12128): Elaborating entity "lpm_counter" for hierarchy "LPM_COUNTER8:COUNTER|lpm_counter:LPM_COUNTER_component" File: D:/FPGA/Projects/SIFO_Lab_2.1/LPM_COUNTER8.v Line: 69
Info (12130): Elaborated megafunction instantiation "LPM_COUNTER8:COUNTER|lpm_counter:LPM_COUNTER_component" File: D:/FPGA/Projects/SIFO_Lab_2.1/LPM_COUNTER8.v Line: 69
Info (12133): Instantiated megafunction "LPM_COUNTER8:COUNTER|lpm_counter:LPM_COUNTER_component" with the following parameter: File: D:/FPGA/Projects/SIFO_Lab_2.1/LPM_COUNTER8.v Line: 69
    Info (12134): Parameter "lpm_direction" = "UP"
    Info (12134): Parameter "lpm_port_updown" = "PORT_UNUSED"
    Info (12134): Parameter "lpm_type" = "LPM_COUNTER"
    Info (12134): Parameter "lpm_width" = "8"
Info (12021): Found 1 design units, including 1 entities, in source file db/cntr_b4i.tdf
    Info (12023): Found entity 1: cntr_b4i File: D:/FPGA/Projects/SIFO_Lab_2.1/db/cntr_b4i.tdf Line: 26
Info (12128): Elaborating entity "cntr_b4i" for hierarchy "LPM_COUNTER8:COUNTER|lpm_counter:LPM_COUNTER_component|cntr_b4i:auto_generated" File: d:/fpga/quartus/21.1/quartus/libraries/megafunctions/lpm_counter.tdf Line: 259
Info (21057): Implemented 86 device resources after synthesis - the final resource count might be different
    Info (21058): Implemented 17 input pins
    Info (21059): Implemented 11 output pins
    Info (21061): Implemented 58 logic cells
Info: Quartus Prime Analysis & Synthesis was successful. 0 errors, 1 warning
    Info: Peak virtual memory: 4738 megabytes
    Info: Processing ended: Sun Sep 18 21:15:30 2022
    Info: Elapsed time: 00:00:07
    Info: Total CPU time (on all processors): 00:00:17


