Flow report for Root_calculator
Fri Dec 16 14:44:32 2022
Quartus Prime Version 21.1.0 Build 842 10/21/2021 SJ Lite Edition


---------------------
; Table of Contents ;
---------------------
  1. Legal Notice
  2. Flow Summary
  3. Flow Settings
  4. Flow Non-Default Global Settings
  5. Flow Elapsed Time
  6. Flow OS Summary
  7. Flow Log
  8. Flow Messages
  9. Flow Suppressed Messages



----------------
; Legal Notice ;
----------------
Copyright (C) 2021  Intel Corporation. All rights reserved.
Your use of Intel Corporation's design tools, logic functions 
and other software and tools, and any partner logic 
functions, and any output files from any of the foregoing 
(including device programming or simulation files), and any 
associated documentation or information are expressly subject 
to the terms and conditions of the Intel Program License 
Subscription Agreement, the Intel Quartus Prime License Agreement,
the Intel FPGA IP License Agreement, or other applicable license
agreement, including, without limitation, that your use is for
the sole purpose of programming logic devices manufactured by
Intel and sold by Intel or its authorized distributors.  Please
refer to the applicable agreement for further details, at
https://fpgasoftware.intel.com/eula.



+----------------------------------------------------------------------------------+
; Flow Summary                                                                     ;
+------------------------------------+---------------------------------------------+
; Flow Status                        ; Successful - Fri Dec 16 14:44:32 2022       ;
; Quartus Prime Version              ; 21.1.0 Build 842 10/21/2021 SJ Lite Edition ;
; Revision Name                      ; Root_calculator                             ;
; Top-level Entity Name              ; root_main                                   ;
; Family                             ; Cyclone IV E                                ;
; Device                             ; EP4CE6E22C8                                 ;
; Timing Models                      ; Final                                       ;
; Total logic elements               ; 634 / 6,272 ( 10 % )                        ;
;     Total combinational functions  ; 499 / 6,272 ( 8 % )                         ;
;     Dedicated logic registers      ; 311 / 6,272 ( 5 % )                         ;
; Total registers                    ; 311                                         ;
; Total pins                         ; 3 / 92 ( 3 % )                              ;
; Total virtual pins                 ; 0                                           ;
; Total memory bits                  ; 18 / 276,480 ( < 1 % )                      ;
; Embedded Multiplier 9-bit elements ; 28 / 30 ( 93 % )                            ;
; Total PLLs                         ; 0 / 2 ( 0 % )                               ;
+------------------------------------+---------------------------------------------+


+-----------------------------------------+
; Flow Settings                           ;
+-------------------+---------------------+
; Option            ; Setting             ;
+-------------------+---------------------+
; Start date & time ; 12/16/2022 14:44:08 ;
; Main task         ; Compilation         ;
; Revision Name     ; Root_calculator     ;
+-------------------+---------------------+


+-----------------------------------------------------------------------------------------------------------------------------------------------------------------+
; Flow Non-Default Global Settings                                                                                                                                ;
+--------------------------------------+------------------------------------------------------+-----------------+-------------+-----------------------------------+
; Assignment Name                      ; Value                                                ; Default Value   ; Entity Name ; Section Id                        ;
+--------------------------------------+------------------------------------------------------+-----------------+-------------+-----------------------------------+
; COMPILER_SIGNATURE_ID                ; 64260035869218.167119104807228                       ; --              ; --          ; --                                ;
; EDA_DESIGN_INSTANCE_NAME             ; NA                                                   ; --              ; --          ; data_reciever_testbench           ;
; EDA_DESIGN_INSTANCE_NAME             ; NA                                                   ; --              ; --          ; all_arithm_testbench              ;
; EDA_DESIGN_INSTANCE_NAME             ; NA                                                   ; --              ; --          ; data_transmitter_testbench        ;
; EDA_DESIGN_INSTANCE_NAME             ; NA                                                   ; --              ; --          ; RS232_transmitter_testbench       ;
; EDA_DESIGN_INSTANCE_NAME             ; NA                                                   ; --              ; --          ; RS232_reciever_testbench          ;
; EDA_GENERATE_FUNCTIONAL_NETLIST      ; Off                                                  ; --              ; --          ; eda_board_design_timing           ;
; EDA_GENERATE_FUNCTIONAL_NETLIST      ; Off                                                  ; --              ; --          ; eda_board_design_boundary_scan    ;
; EDA_GENERATE_FUNCTIONAL_NETLIST      ; Off                                                  ; --              ; --          ; eda_board_design_signal_integrity ;
; EDA_GENERATE_FUNCTIONAL_NETLIST      ; Off                                                  ; --              ; --          ; eda_board_design_symbol           ;
; EDA_NATIVELINK_SIMULATION_TEST_BENCH ; data_transmitter_testbench                           ; --              ; --          ; eda_simulation                    ;
; EDA_OUTPUT_DATA_FORMAT               ; Verilog Hdl                                          ; --              ; --          ; eda_simulation                    ;
; EDA_SIMULATION_TOOL                  ; Questa Intel FPGA (Verilog)                          ; <None>          ; --          ; --                                ;
; EDA_TEST_BENCH_ENABLE_STATUS         ; TEST_BENCH_MODE                                      ; --              ; --          ; eda_simulation                    ;
; EDA_TEST_BENCH_FILE                  ; ../src/src_testbenches/data_reciever_testbench.v     ; --              ; --          ; data_reciever_testbench           ;
; EDA_TEST_BENCH_FILE                  ; ../src/src_testbenches/all_arithm_testbench.v        ; --              ; --          ; all_arithm_testbench              ;
; EDA_TEST_BENCH_FILE                  ; ../src/src_testbenches/data_transmitter_testbench.v  ; --              ; --          ; data_transmitter_testbench        ;
; EDA_TEST_BENCH_FILE                  ; ../src/src_testbenches/RS232_transmitter_testbench.v ; --              ; --          ; RS232_transmitter_testbench       ;
; EDA_TEST_BENCH_FILE                  ; ../src/src_testbenches/RS232_reciever_testbench.v    ; --              ; --          ; RS232_reciever_testbench          ;
; EDA_TEST_BENCH_MODULE_NAME           ; data_reciever_testbench                              ; --              ; --          ; data_reciever_testbench           ;
; EDA_TEST_BENCH_MODULE_NAME           ; all_arithm_testbench                                 ; --              ; --          ; all_arithm_testbench              ;
; EDA_TEST_BENCH_MODULE_NAME           ; data_transmitter_testbench                           ; --              ; --          ; data_transmitter_testbench        ;
; EDA_TEST_BENCH_MODULE_NAME           ; RS232_transmitter_testbench                          ; --              ; --          ; RS232_transmitter_testbench       ;
; EDA_TEST_BENCH_MODULE_NAME           ; RS232_reciever_testbench                             ; --              ; --          ; RS232_reciever_testbench          ;
; EDA_TEST_BENCH_NAME                  ; RS232_transmitter_testbench                          ; --              ; --          ; eda_simulation                    ;
; EDA_TEST_BENCH_NAME                  ; RS232_reciever_testbench                             ; --              ; --          ; eda_simulation                    ;
; EDA_TEST_BENCH_NAME                  ; data_reciever_testbench                              ; --              ; --          ; eda_simulation                    ;
; EDA_TEST_BENCH_NAME                  ; all_arithm_testbench                                 ; --              ; --          ; eda_simulation                    ;
; EDA_TEST_BENCH_NAME                  ; data_transmitter_testbench                           ; --              ; --          ; eda_simulation                    ;
; EDA_TIME_SCALE                       ; 1 ps                                                 ; --              ; --          ; eda_simulation                    ;
; MAX_CORE_JUNCTION_TEMP               ; 85                                                   ; --              ; --          ; --                                ;
; MIN_CORE_JUNCTION_TEMP               ; 0                                                    ; --              ; --          ; --                                ;
; NOMINAL_CORE_SUPPLY_VOLTAGE          ; 1.2V                                                 ; --              ; --          ; --                                ;
; NUM_PARALLEL_PROCESSORS              ; All                                                  ; --              ; --          ; --                                ;
; PARTITION_COLOR                      ; -- (Not supported for targeted family)               ; --              ; root_main   ; Top                               ;
; PARTITION_FITTER_PRESERVATION_LEVEL  ; -- (Not supported for targeted family)               ; --              ; root_main   ; Top                               ;
; PARTITION_NETLIST_TYPE               ; -- (Not supported for targeted family)               ; --              ; root_main   ; Top                               ;
; POWER_BOARD_THERMAL_MODEL            ; None (CONSERVATIVE)                                  ; --              ; --          ; --                                ;
; POWER_PRESET_COOLING_SOLUTION        ; 23 MM HEAT SINK WITH 200 LFPM AIRFLOW                ; --              ; --          ; --                                ;
; PROJECT_OUTPUT_DIRECTORY             ; output_files                                         ; --              ; --          ; --                                ;
; TOP_LEVEL_ENTITY                     ; root_main                                            ; Root_calculator ; --          ; --                                ;
+--------------------------------------+------------------------------------------------------+-----------------+-------------+-----------------------------------+


+--------------------------------------------------------------------------------------------------------------------------+
; Flow Elapsed Time                                                                                                        ;
+----------------------+--------------+-------------------------+---------------------+------------------------------------+
; Module Name          ; Elapsed Time ; Average Processors Used ; Peak Virtual Memory ; Total CPU Time (on all processors) ;
+----------------------+--------------+-------------------------+---------------------+------------------------------------+
; Analysis & Synthesis ; 00:00:11     ; 1.0                     ; 485 MB              ; 00:00:24                           ;
; Fitter               ; 00:00:06     ; 1.2                     ; 1616 MB             ; 00:00:09                           ;
; Assembler            ; 00:00:01     ; 1.0                     ; 358 MB              ; 00:00:01                           ;
; Timing Analyzer      ; 00:00:02     ; 1.7                     ; 575 MB              ; 00:00:02                           ;
; EDA Netlist Writer   ; 00:00:01     ; 1.0                     ; 607 MB              ; 00:00:01                           ;
; Total                ; 00:00:21     ; --                      ; --                  ; 00:00:37                           ;
+----------------------+--------------+-------------------------+---------------------+------------------------------------+


+------------------------------------------------------------------------------------------+
; Flow OS Summary                                                                          ;
+----------------------+------------------+---------------+---------------+----------------+
; Module Name          ; Machine Hostname ; OS Name       ; OS Version    ; Processor type ;
+----------------------+------------------+---------------+---------------+----------------+
; Analysis & Synthesis ; zcxasusus        ; Manjaro Linux ; Manjaro Linux ; x86_64         ;
; Fitter               ; zcxasusus        ; Manjaro Linux ; Manjaro Linux ; x86_64         ;
; Assembler            ; zcxasusus        ; Manjaro Linux ; Manjaro Linux ; x86_64         ;
; Timing Analyzer      ; zcxasusus        ; Manjaro Linux ; Manjaro Linux ; x86_64         ;
; EDA Netlist Writer   ; zcxasusus        ; Manjaro Linux ; Manjaro Linux ; x86_64         ;
+----------------------+------------------+---------------+---------------+----------------+


------------
; Flow Log ;
------------
quartus_map --read_settings_files=on --write_settings_files=off Root_calculator -c Root_calculator
quartus_fit --read_settings_files=off --write_settings_files=off Root_calculator -c Root_calculator
quartus_asm --read_settings_files=off --write_settings_files=off Root_calculator -c Root_calculator
quartus_sta Root_calculator -c Root_calculator
quartus_eda --read_settings_files=off --write_settings_files=off Root_calculator -c Root_calculator



